2021-07-09 20:38:58.086646: I tensorflow_serving/model_servers/server.cc:89] Building single TensorFlow model file config:  model_name: cifar10 model_base_path: /tf/Notebooks/model
2021-07-09 20:38:58.086811: I tensorflow_serving/model_servers/server_core.cc:465] Adding/updating models.
2021-07-09 20:38:58.086820: I tensorflow_serving/model_servers/server_core.cc:591]  (Re-)adding model: cifar10
2021-07-09 20:38:58.187141: I tensorflow_serving/core/basic_manager.cc:740] Successfully reserved resources to load servable {name: cifar10 version: 1}
2021-07-09 20:38:58.187169: I tensorflow_serving/core/loader_harness.cc:66] Approving load for servable version {name: cifar10 version: 1}
2021-07-09 20:38:58.187179: I tensorflow_serving/core/loader_harness.cc:74] Loading servable version {name: cifar10 version: 1}
2021-07-09 20:38:58.187222: I external/org_tensorflow/tensorflow/cc/saved_model/reader.cc:38] Reading SavedModel from: /tf/Notebooks/model/1
2021-07-09 20:38:58.189989: I external/org_tensorflow/tensorflow/cc/saved_model/reader.cc:90] Reading meta graph with tags { serve }
2021-07-09 20:38:58.190036: I external/org_tensorflow/tensorflow/cc/saved_model/reader.cc:132] Reading SavedModel debug info (if present) from: /tf/Notebooks/model/1
2021-07-09 20:38:58.190110: I external/org_tensorflow/tensorflow/core/platform/cpu_feature_guard.cc:142] This TensorFlow binary is optimized with oneAPI Deep Neural Network Library (oneDNN) to use the following CPU instructions in performance-critical operations:  AVX2 FMA
To enable them in other operations, rebuild TensorFlow with the appropriate compiler flags.
2021-07-09 20:38:58.212174: I external/org_tensorflow/tensorflow/cc/saved_model/loader.cc:206] Restoring SavedModel bundle.
2021-07-09 20:38:58.230127: I external/org_tensorflow/tensorflow/core/platform/profile_utils/cpu_utils.cc:114] CPU Frequency: 3792990000 Hz
2021-07-09 20:38:58.258091: I external/org_tensorflow/tensorflow/cc/saved_model/loader.cc:277] SavedModel load for tags { serve }; Status: success: OK. Took 70864 microseconds.
2021-07-09 20:38:58.258832: I tensorflow_serving/servables/tensorflow/saved_model_warmup_util.cc:59] No warmup data file found at /tf/Notebooks/model/1/assets.extra/tf_serving_warmup_requests
2021-07-09 20:38:58.259278: I tensorflow_serving/core/loader_harness.cc:87] Successfully loaded servable version {name: cifar10 version: 1}
2021-07-09 20:38:58.260415: I tensorflow_serving/model_servers/server_core.cc:486] Finished adding/updating models
2021-07-09 20:38:58.260465: I tensorflow_serving/model_servers/server.cc:367] Profiler service is enabled
2021-07-09 20:38:58.261397: I tensorflow_serving/model_servers/server.cc:393] Running gRPC ModelServer at 0.0.0.0:8500 ...
[warn] getaddrinfo: address family for nodename not supported
[evhttp_server.cc : 245] NET_LOG: Entering the event loop ...
2021-07-09 20:38:58.262316: I tensorflow_serving/model_servers/server.cc:414] Exporting HTTP/REST API at:localhost:8501 ...
